<?xml version="1.0" encoding="UTF-8"?>
<!-- Generated by org.testng.reporters.JUnitReportReporter -->
<testsuite hostname="DESKTOP-SDQ4AJT" failures="0" tests="2" name="com.wipro.MavenTest.Config_access" time="46.720" errors="0" timestamp="10 Aug 2019 09:18:46 GMT" skipped="0">
  <testcase classname="com.wipro.MavenTest.Config_access" name="launchbrowser" time="32.739"/>
  <testcase classname="com.wipro.MavenTest.Config_access" name="navigategoogle" time="13.981"/>
</testsuite> <!-- com.wipro.MavenTest.Config_access -->
